<?xml version="1.0" encoding="utf-8"?><testsuites name="pytest tests"><testsuite name="pytest" errors="0" failures="0" skipped="0" tests="19" time="4.122" timestamp="2026-05-04T11:46:22.542291+00:00" hostname="agent-env-e4d87fcf-49c6-4c07-a1ed-ba39d8811174"><testcase classname="backend.tests.backend_test.TestHealth" name="test_root" time="0.170" /><testcase classname="backend.tests.backend_test.TestAuth" name="test_register_new_user_seeds_4_default_categories" time="0.348" /><testcase classname="backend.tests.backend_test.TestAuth" name="test_register_duplicate_email_rejected" time="0.328" /><testcase classname="backend.tests.backend_test.TestAuth" name="test_login_returns_jwt" time="0.272" /><testcase classname="backend.tests.backend_test.TestAuth" name="test_login_wrong_password" time="0.277" /><testcase classname="backend.tests.backend_test.TestAuth" name="test_me_with_bearer" time="0.055" /><testcase classname="backend.tests.backend_test.TestAuth" name="test_me_without_token" time="0.046" /><testcase classname="backend.tests.backend_test.TestAuth" name="test_me_invalid_token" time="0.057" /><testcase classname="backend.tests.backend_test.TestCategories" name="test_create_list_delete_category" time="0.211" /><testcase classname="backend.tests.backend_test.TestSchedule" name="test_schedule_crud" time="0.321" /><testcase classname="backend.tests.backend_test.TestSchedule" name="test_update_nonexistent_schedule" time="0.053" /><testcase classname="backend.tests.backend_test.TestNotes" name="test_notes_crud" time="0.301" /><testcase classname="backend.tests.backend_test.TestEvents" name="test_event_crud_and_complete_toggle" time="0.309" /><testcase classname="backend.tests.backend_test.TestEvents" name="test_complete_nonexistent_event" time="0.051" /><testcase classname="backend.tests.backend_test.TestQuickNotes" name="test_quicknote_crud" time="0.204" /><testcase classname="backend.tests.backend_test.TestQuickNotes" name="test_quicknote_default_color" time="0.101" /><testcase classname="backend.tests.backend_test.TestIsolation" name="test_user_a_cannot_see_user_b_data" time="0.581" /><testcase classname="backend.tests.backend_test.TestIsolation" name="test_categories_isolated" time="0.053" /><testcase classname="backend.tests.backend_test.TestNoMongoIdLeakage" name="test_all_list_endpoints_no_id" time="0.279" /></testsuite></testsuites>